[23/02/2023 - 12:00:10] [destroy] [org.springframework.orm.jpa.LocalContainerEntityManagerFactoryBean] [INFO ] - Closing JPA EntityManagerFactory for persistence unit 'default'
[23/02/2023 - 12:00:10] [close] [com.zaxxer.hikari.HikariDataSource] [INFO ] - HikariPool-1 - Shutdown initiated...
[23/02/2023 - 12:00:10] [close] [com.zaxxer.hikari.HikariDataSource] [INFO ] - HikariPool-1 - Shutdown completed.
[23/02/2023 - 12:00:14] [logStarting] [com.bedu.ProyectoFinalHsbcBedu.ProyectoFinalHsbcBeduApplication] [INFO ] - Starting ProyectoFinalHsbcBeduApplication using Java 17.0.6 with PID 23916 (C:\Bedu-HSBC\5. Demo Day\Proyecto\Back-end\target\classes started by igome in C:\Bedu-HSBC\5. Demo Day\Proyecto\Back-end)
[23/02/2023 - 12:00:14] [logStartupProfileInfo] [com.bedu.ProyectoFinalHsbcBedu.ProyectoFinalHsbcBeduApplication] [INFO ] - No active profile set, falling back to 1 default profile: "default"
[23/02/2023 - 12:00:15] [logTo] [org.springframework.boot.devtools.env.DevToolsPropertyDefaultsPostProcessor] [INFO ] - Devtools property defaults active! Set 'spring.devtools.add-properties' to 'false' to disable
[23/02/2023 - 12:00:15] [logTo] [org.springframework.boot.devtools.env.DevToolsPropertyDefaultsPostProcessor] [INFO ] - For additional web related logging consider setting the 'logging.level.web' property to 'DEBUG'
[23/02/2023 - 12:00:15] [registerRepositoriesIn] [org.springframework.data.repository.config.RepositoryConfigurationDelegate] [INFO ] - Bootstrapping Spring Data JPA repositories in DEFAULT mode.
[23/02/2023 - 12:00:15] [registerRepositoriesIn] [org.springframework.data.repository.config.RepositoryConfigurationDelegate] [INFO ] - Finished Spring Data repository scanning in 46 ms. Found 2 JPA repository interfaces.
[23/02/2023 - 12:00:16] [initialize] [org.springframework.boot.web.embedded.tomcat.TomcatWebServer] [INFO ] - Tomcat initialized with port(s): 8080 (http)
[23/02/2023 - 12:00:16] [log] [org.apache.catalina.core.StandardService] [INFO ] - Starting service [Tomcat]
[23/02/2023 - 12:00:16] [log] [org.apache.catalina.core.StandardEngine] [INFO ] - Starting Servlet engine: [Apache Tomcat/10.1.5]
[23/02/2023 - 12:00:16] [log] [org.apache.catalina.core.ContainerBase.[Tomcat].[localhost].[/]] [INFO ] - Initializing Spring embedded WebApplicationContext
[23/02/2023 - 12:00:16] [prepareWebApplicationContext] [org.springframework.boot.web.servlet.context.ServletWebServerApplicationContext] [INFO ] - Root WebApplicationContext: initialization completed in 1052 ms
[23/02/2023 - 12:00:16] [logPersistenceUnitInformation] [org.hibernate.jpa.internal.util.LogHelper] [INFO ] - HHH000204: Processing PersistenceUnitInfo [name: default]
[23/02/2023 - 12:00:16] [logVersion] [org.hibernate.Version] [INFO ] - HHH000412: Hibernate ORM core version 6.1.6.Final
[23/02/2023 - 12:00:16] [lambda$new$1] [org.hibernate.orm.deprecation] [WARN ] - HHH90000021: Encountered deprecated setting [javax.persistence.sharedCache.mode], use [jakarta.persistence.sharedCache.mode] instead
[23/02/2023 - 12:00:16] [getConnection] [com.zaxxer.hikari.HikariDataSource] [INFO ] - HikariPool-1 - Starting...
[23/02/2023 - 12:00:16] [checkFailFast] [com.zaxxer.hikari.pool.HikariPool] [INFO ] - HikariPool-1 - Added connection com.mysql.cj.jdbc.ConnectionImpl@22242823
[23/02/2023 - 12:00:16] [getConnection] [com.zaxxer.hikari.HikariDataSource] [INFO ] - HikariPool-1 - Start completed.
[23/02/2023 - 12:00:16] [logSelectedDialect] [SQL dialect] [INFO ] - HHH000400: Using dialect: org.hibernate.dialect.MySQLDialect
[23/02/2023 - 12:00:17] [initiateService] [org.hibernate.engine.transaction.jta.platform.internal.JtaPlatformInitiator] [INFO ] - HHH000490: Using JtaPlatform implementation: [org.hibernate.engine.transaction.jta.platform.internal.NoJtaPlatform]
[23/02/2023 - 12:00:17] [buildNativeEntityManagerFactory] [org.springframework.orm.jpa.LocalContainerEntityManagerFactoryBean] [INFO ] - Initialized JPA EntityManagerFactory for persistence unit 'default'
[23/02/2023 - 12:00:17] [openEntityManagerInViewInterceptor] [org.springframework.boot.autoconfigure.orm.jpa.JpaBaseConfiguration$JpaWebConfiguration] [WARN ] - spring.jpa.open-in-view is enabled by default. Therefore, database queries may be performed during view rendering. Explicitly configure spring.jpa.open-in-view to disable this warning
[23/02/2023 - 12:00:17] [<init>] [org.springframework.security.web.DefaultSecurityFilterChain] [INFO ] - Will secure any request with [org.springframework.security.web.session.DisableEncodeUrlFilter@5c6d5083, org.springframework.security.web.context.request.async.WebAsyncManagerIntegrationFilter@1f134d32, org.springframework.security.web.context.SecurityContextHolderFilter@59d3a483, org.springframework.security.web.header.HeaderWriterFilter@657d11e0, org.springframework.web.filter.CorsFilter@84d191, org.springframework.security.web.authentication.logout.LogoutFilter@4749ceb8, com.bedu.ProyectoFinalHsbcBedu.Security.JwtAuthFilter@2e3b8c91, com.bedu.ProyectoFinalHsbcBedu.Security.JwtToHeaderFilter@7724cbfe, org.springframework.security.web.savedrequest.RequestCacheAwareFilter@6548b19d, org.springframework.security.web.servletapi.SecurityContextHolderAwareRequestFilter@702d210a, org.springframework.security.web.authentication.AnonymousAuthenticationFilter@417b74d1, org.springframework.security.web.session.SessionManagementFilter@23371872, org.springframework.security.web.access.ExceptionTranslationFilter@2c6cebb2, org.springframework.security.web.access.intercept.AuthorizationFilter@6b250307]
[23/02/2023 - 12:00:18] [startServer] [org.springframework.boot.devtools.autoconfigure.OptionalLiveReloadServer] [INFO ] - LiveReload server is running on port 35729
[23/02/2023 - 12:00:18] [start] [org.springframework.boot.web.embedded.tomcat.TomcatWebServer] [INFO ] - Tomcat started on port(s): 8080 (http) with context path ''
[23/02/2023 - 12:00:18] [logStarted] [com.bedu.ProyectoFinalHsbcBedu.ProyectoFinalHsbcBeduApplication] [INFO ] - Started ProyectoFinalHsbcBeduApplication in 3.482 seconds (process running for 3.945)
[23/02/2023 - 12:00:18] [run] [com.bedu.ProyectoFinalHsbcBedu.Config.FunkosSeeder] [INFO ] - Insertando valores iniciales...
[23/02/2023 - 12:00:18] [run] [com.bedu.ProyectoFinalHsbcBedu.Config.FunkosSeeder] [WARN ] - Los productos ya se encuentran agregados a la BD.
[23/02/2023 - 12:00:20] [log] [org.apache.catalina.core.ContainerBase.[Tomcat].[localhost].[/]] [INFO ] - Initializing Spring DispatcherServlet 'dispatcherServlet'
[23/02/2023 - 12:00:20] [initServletBean] [org.springframework.web.servlet.DispatcherServlet] [INFO ] - Initializing Servlet 'dispatcherServlet'
[23/02/2023 - 12:00:20] [initServletBean] [org.springframework.web.servlet.DispatcherServlet] [INFO ] - Completed initialization in 1 ms
[23/02/2023 - 12:00:20] [handleMethodArgumentNotValid] [com.bedu.ProyectoFinalHsbcBedu.Controller.Handlers.GlobalEntityExceptionHandler] [ERROR] - El valor no puede ser negativo
[23/02/2023 - 12:00:20] [logException] [org.springframework.web.servlet.mvc.method.annotation.ExceptionHandlerExceptionResolver] [WARN ] - Resolved [org.springframework.web.bind.MethodArgumentNotValidException: Validation failed for argument [1] in public org.springframework.http.ResponseEntity<?> com.bedu.ProyectoFinalHsbcBedu.Controller.ProductoFunkoController.updateFunko(long,com.bedu.ProyectoFinalHsbcBedu.DTO.ProductoFunkoDTO) throws java.lang.Exception: [Field error in object 'productoFunkoDTO' on field 'layaway': rejected value [-1]; codes [PositiveOrZero.productoFunkoDTO.layaway,PositiveOrZero.layaway,PositiveOrZero.int,PositiveOrZero]; arguments [org.springframework.context.support.DefaultMessageSourceResolvable: codes [productoFunkoDTO.layaway,layaway]; arguments []; default message [layaway]]; default message [El valor no puede ser negativo]] ]
[23/02/2023 - 12:12:59] [logStarting] [com.bedu.ProyectoFinalHsbcBedu.Repository.IUsuarioRepositoryTest] [INFO ] - Starting IUsuarioRepositoryTest using Java 17.0.6 with PID 9784 (started by igome in C:\Bedu-HSBC\5. Demo Day\Proyecto\Back-end)
[23/02/2023 - 12:12:59] [logStartupProfileInfo] [com.bedu.ProyectoFinalHsbcBedu.Repository.IUsuarioRepositoryTest] [INFO ] - No active profile set, falling back to 1 default profile: "default"
[23/02/2023 - 12:12:59] [registerRepositoriesIn] [org.springframework.data.repository.config.RepositoryConfigurationDelegate] [INFO ] - Bootstrapping Spring Data JPA repositories in DEFAULT mode.
[23/02/2023 - 12:12:59] [registerRepositoriesIn] [org.springframework.data.repository.config.RepositoryConfigurationDelegate] [INFO ] - Finished Spring Data repository scanning in 58 ms. Found 2 JPA repository interfaces.
[23/02/2023 - 12:13:00] [logPersistenceUnitInformation] [org.hibernate.jpa.internal.util.LogHelper] [INFO ] - HHH000204: Processing PersistenceUnitInfo [name: default]
[23/02/2023 - 12:13:00] [logVersion] [org.hibernate.Version] [INFO ] - HHH000412: Hibernate ORM core version 6.1.6.Final
[23/02/2023 - 12:13:00] [lambda$new$1] [org.hibernate.orm.deprecation] [WARN ] - HHH90000021: Encountered deprecated setting [javax.persistence.sharedCache.mode], use [jakarta.persistence.sharedCache.mode] instead
[23/02/2023 - 12:13:00] [getConnection] [com.zaxxer.hikari.HikariDataSource] [INFO ] - HikariPool-1 - Starting...
[23/02/2023 - 12:13:00] [checkFailFast] [com.zaxxer.hikari.pool.HikariPool] [INFO ] - HikariPool-1 - Added connection com.mysql.cj.jdbc.ConnectionImpl@69a5c6be
[23/02/2023 - 12:13:00] [getConnection] [com.zaxxer.hikari.HikariDataSource] [INFO ] - HikariPool-1 - Start completed.
[23/02/2023 - 12:13:00] [logSelectedDialect] [SQL dialect] [INFO ] - HHH000400: Using dialect: org.hibernate.dialect.MySQLDialect
[23/02/2023 - 12:13:01] [initiateService] [org.hibernate.engine.transaction.jta.platform.internal.JtaPlatformInitiator] [INFO ] - HHH000490: Using JtaPlatform implementation: [org.hibernate.engine.transaction.jta.platform.internal.NoJtaPlatform]
[23/02/2023 - 12:13:01] [buildNativeEntityManagerFactory] [org.springframework.orm.jpa.LocalContainerEntityManagerFactoryBean] [INFO ] - Initialized JPA EntityManagerFactory for persistence unit 'default'
[23/02/2023 - 12:13:01] [logStarted] [com.bedu.ProyectoFinalHsbcBedu.Repository.IUsuarioRepositoryTest] [INFO ] - Started IUsuarioRepositoryTest in 2.634 seconds (process running for 3.476)
[23/02/2023 - 12:13:01] [logExceptions] [org.hibernate.engine.jdbc.spi.SqlExceptionHelper] [WARN ] - SQL Error: 1048, SQLState: 23000
[23/02/2023 - 12:13:01] [logExceptions] [org.hibernate.engine.jdbc.spi.SqlExceptionHelper] [ERROR] - Column 'email' cannot be null
[23/02/2023 - 12:13:02] [destroy] [org.springframework.orm.jpa.LocalContainerEntityManagerFactoryBean] [INFO ] - Closing JPA EntityManagerFactory for persistence unit 'default'
[23/02/2023 - 12:13:02] [close] [com.zaxxer.hikari.HikariDataSource] [INFO ] - HikariPool-1 - Shutdown initiated...
[23/02/2023 - 12:13:02] [close] [com.zaxxer.hikari.HikariDataSource] [INFO ] - HikariPool-1 - Shutdown completed.
[23/02/2023 - 12:13:41] [logStarting] [com.bedu.ProyectoFinalHsbcBedu.Repository.IUsuarioRepositoryTest] [INFO ] - Starting IUsuarioRepositoryTest using Java 17.0.6 with PID 25864 (started by igome in C:\Bedu-HSBC\5. Demo Day\Proyecto\Back-end)
[23/02/2023 - 12:13:41] [logStartupProfileInfo] [com.bedu.ProyectoFinalHsbcBedu.Repository.IUsuarioRepositoryTest] [INFO ] - No active profile set, falling back to 1 default profile: "default"
[23/02/2023 - 12:13:42] [registerRepositoriesIn] [org.springframework.data.repository.config.RepositoryConfigurationDelegate] [INFO ] - Bootstrapping Spring Data JPA repositories in DEFAULT mode.
[23/02/2023 - 12:13:42] [registerRepositoriesIn] [org.springframework.data.repository.config.RepositoryConfigurationDelegate] [INFO ] - Finished Spring Data repository scanning in 54 ms. Found 2 JPA repository interfaces.
[23/02/2023 - 12:13:42] [logPersistenceUnitInformation] [org.hibernate.jpa.internal.util.LogHelper] [INFO ] - HHH000204: Processing PersistenceUnitInfo [name: default]
[23/02/2023 - 12:13:42] [logVersion] [org.hibernate.Version] [INFO ] - HHH000412: Hibernate ORM core version 6.1.6.Final
[23/02/2023 - 12:13:42] [lambda$new$1] [org.hibernate.orm.deprecation] [WARN ] - HHH90000021: Encountered deprecated setting [javax.persistence.sharedCache.mode], use [jakarta.persistence.sharedCache.mode] instead
[23/02/2023 - 12:13:42] [getConnection] [com.zaxxer.hikari.HikariDataSource] [INFO ] - HikariPool-1 - Starting...
[23/02/2023 - 12:13:43] [checkFailFast] [com.zaxxer.hikari.pool.HikariPool] [INFO ] - HikariPool-1 - Added connection com.mysql.cj.jdbc.ConnectionImpl@175c5c3a
[23/02/2023 - 12:13:43] [getConnection] [com.zaxxer.hikari.HikariDataSource] [INFO ] - HikariPool-1 - Start completed.
[23/02/2023 - 12:13:43] [logSelectedDialect] [SQL dialect] [INFO ] - HHH000400: Using dialect: org.hibernate.dialect.MySQLDialect
[23/02/2023 - 12:13:43] [initiateService] [org.hibernate.engine.transaction.jta.platform.internal.JtaPlatformInitiator] [INFO ] - HHH000490: Using JtaPlatform implementation: [org.hibernate.engine.transaction.jta.platform.internal.NoJtaPlatform]
[23/02/2023 - 12:13:43] [buildNativeEntityManagerFactory] [org.springframework.orm.jpa.LocalContainerEntityManagerFactoryBean] [INFO ] - Initialized JPA EntityManagerFactory for persistence unit 'default'
[23/02/2023 - 12:13:44] [logStarted] [com.bedu.ProyectoFinalHsbcBedu.Repository.IUsuarioRepositoryTest] [INFO ] - Started IUsuarioRepositoryTest in 2.662 seconds (process running for 3.497)
[23/02/2023 - 12:13:44] [logExceptions] [org.hibernate.engine.jdbc.spi.SqlExceptionHelper] [WARN ] - SQL Error: 1048, SQLState: 23000
[23/02/2023 - 12:13:44] [logExceptions] [org.hibernate.engine.jdbc.spi.SqlExceptionHelper] [ERROR] - Column 'email' cannot be null
[23/02/2023 - 12:13:44] [destroy] [org.springframework.orm.jpa.LocalContainerEntityManagerFactoryBean] [INFO ] - Closing JPA EntityManagerFactory for persistence unit 'default'
[23/02/2023 - 12:13:44] [close] [com.zaxxer.hikari.HikariDataSource] [INFO ] - HikariPool-1 - Shutdown initiated...
[23/02/2023 - 12:13:44] [close] [com.zaxxer.hikari.HikariDataSource] [INFO ] - HikariPool-1 - Shutdown completed.
[23/02/2023 - 12:16:45] [onApplicationEvent] [org.springframework.boot.devtools.autoconfigure.LocalDevToolsAutoConfiguration$RestartingClassPathChangeChangedEventListener] [INFO ] - Restarting due to 2 class path changes (0 additions, 2 deletions, 0 modifications)
[23/02/2023 - 12:16:45] [log] [org.apache.catalina.core.StandardService] [INFO ] - Stopping service [Tomcat]
[23/02/2023 - 12:16:45] [log] [org.apache.catalina.core.ContainerBase.[Tomcat].[localhost].[/]] [INFO ] - Destroying Spring FrameworkServlet 'dispatcherServlet'
[23/02/2023 - 12:16:45] [log] [org.apache.catalina.loader.WebappClassLoaderBase] [WARN ] - The web application [ROOT] appears to have started a thread named [HikariPool-1 housekeeper] but has failed to stop it. This is very likely to create a memory leak. Stack trace of thread:
 java.base@17.0.6/jdk.internal.misc.Unsafe.park(Native Method)
 java.base@17.0.6/java.util.concurrent.locks.LockSupport.parkNanos(LockSupport.java:252)
 java.base@17.0.6/java.util.concurrent.locks.AbstractQueuedSynchronizer$ConditionObject.awaitNanos(AbstractQueuedSynchronizer.java:1672)
 java.base@17.0.6/java.util.concurrent.ScheduledThreadPoolExecutor$DelayedWorkQueue.take(ScheduledThreadPoolExecutor.java:1182)
 java.base@17.0.6/java.util.concurrent.ScheduledThreadPoolExecutor$DelayedWorkQueue.take(ScheduledThreadPoolExecutor.java:899)
 java.base@17.0.6/java.util.concurrent.ThreadPoolExecutor.getTask(ThreadPoolExecutor.java:1062)
 java.base@17.0.6/java.util.concurrent.ThreadPoolExecutor.runWorker(ThreadPoolExecutor.java:1122)
 java.base@17.0.6/java.util.concurrent.ThreadPoolExecutor$Worker.run(ThreadPoolExecutor.java:635)
 java.base@17.0.6/java.lang.Thread.run(Thread.java:833)
[23/02/2023 - 12:16:45] [destroy] [org.springframework.orm.jpa.LocalContainerEntityManagerFactoryBean] [INFO ] - Closing JPA EntityManagerFactory for persistence unit 'default'
[23/02/2023 - 12:16:45] [close] [com.zaxxer.hikari.HikariDataSource] [INFO ] - HikariPool-1 - Shutdown initiated...
[23/02/2023 - 12:16:45] [close] [com.zaxxer.hikari.HikariDataSource] [INFO ] - HikariPool-1 - Shutdown completed.
[23/02/2023 - 12:16:45] [logStarting] [com.bedu.ProyectoFinalHsbcBedu.ProyectoFinalHsbcBeduApplication] [INFO ] - Starting ProyectoFinalHsbcBeduApplication using Java 17.0.6 with PID 23916 (C:\Bedu-HSBC\5. Demo Day\Proyecto\Back-end\target\classes started by igome in C:\Bedu-HSBC\5. Demo Day\Proyecto\Back-end)
[23/02/2023 - 12:16:45] [logStartupProfileInfo] [com.bedu.ProyectoFinalHsbcBedu.ProyectoFinalHsbcBeduApplication] [INFO ] - No active profile set, falling back to 1 default profile: "default"
[23/02/2023 - 12:16:45] [registerRepositoriesIn] [org.springframework.data.repository.config.RepositoryConfigurationDelegate] [INFO ] - Bootstrapping Spring Data JPA repositories in DEFAULT mode.
[23/02/2023 - 12:16:45] [reportFailure] [org.springframework.boot.SpringApplication] [ERROR] - Application run failed
java.lang.TypeNotPresentException: Type com.bedu.ProyectoFinalHsbcBedu.Entity.UsuarioEntity not present
	at java.base/sun.reflect.generics.factory.CoreReflectionFactory.makeNamedType(CoreReflectionFactory.java:117) ~[na:na]
	at java.base/sun.reflect.generics.visitor.Reifier.visitClassTypeSignature(Reifier.java:125) ~[na:na]
	at java.base/sun.reflect.generics.tree.ClassTypeSignature.accept(ClassTypeSignature.java:49) ~[na:na]
	at java.base/sun.reflect.generics.visitor.Reifier.reifyTypeArguments(Reifier.java:68) ~[na:na]
	at java.base/sun.reflect.generics.visitor.Reifier.visitClassTypeSignature(Reifier.java:138) ~[na:na]
	at java.base/sun.reflect.generics.tree.ClassTypeSignature.accept(ClassTypeSignature.java:49) ~[na:na]
	at java.base/sun.reflect.generics.repository.ClassRepository.computeSuperInterfaces(ClassRepository.java:117) ~[na:na]
	at java.base/sun.reflect.generics.repository.ClassRepository.getSuperInterfaces(ClassRepository.java:95) ~[na:na]
	at java.base/java.lang.Class.getGenericInterfaces(Class.java:1211) ~[na:na]
	at org.springframework.core.ResolvableType.getInterfaces(ResolvableType.java:500) ~[spring-core-6.0.4.jar:6.0.4]
	at org.springframework.core.ResolvableType.as(ResolvableType.java:448) ~[spring-core-6.0.4.jar:6.0.4]
	at org.springframework.data.util.TypeDiscoverer.getSuperTypeInformation(TypeDiscoverer.java:250) ~[spring-data-commons-3.0.1.jar:3.0.1]
	at org.springframework.data.util.ClassTypeInformation.getSuperTypeInformation(ClassTypeInformation.java:36) ~[spring-data-commons-3.0.1.jar:3.0.1]
	at org.springframework.data.util.TypeInformation.getRequiredSuperTypeInformation(TypeInformation.java:327) ~[spring-data-commons-3.0.1.jar:3.0.1]
	at org.springframework.data.repository.core.support.DefaultRepositoryMetadata.<init>(DefaultRepositoryMetadata.java:55) ~[spring-data-commons-3.0.1.jar:3.0.1]
	at org.springframework.data.repository.core.support.AbstractRepositoryMetadata.getMetadata(AbstractRepositoryMetadata.java:77) ~[spring-data-commons-3.0.1.jar:3.0.1]
	at org.springframework.data.repository.config.RepositoryConfigurationExtensionSupport.getRepositoryConfigurations(RepositoryConfigurationExtensionSupport.java:91) ~[spring-data-commons-3.0.1.jar:3.0.1]
	at org.springframework.data.repository.config.RepositoryConfigurationDelegate.registerRepositoriesIn(RepositoryConfigurationDelegate.java:163) ~[spring-data-commons-3.0.1.jar:3.0.1]
	at org.springframework.boot.autoconfigure.data.AbstractRepositoryConfigurationSourceSupport.registerBeanDefinitions(AbstractRepositoryConfigurationSourceSupport.java:62) ~[spring-boot-autoconfigure-3.0.2.jar:3.0.2]
	at org.springframework.context.annotation.ConfigurationClassBeanDefinitionReader.lambda$loadBeanDefinitionsFromRegistrars$1(ConfigurationClassBeanDefinitionReader.java:373) ~[spring-context-6.0.4.jar:6.0.4]
	at java.base/java.util.LinkedHashMap.forEach(LinkedHashMap.java:721) ~[na:na]
	at org.springframework.context.annotation.ConfigurationClassBeanDefinitionReader.loadBeanDefinitionsFromRegistrars(ConfigurationClassBeanDefinitionReader.java:372) ~[spring-context-6.0.4.jar:6.0.4]
	at org.springframework.context.annotation.ConfigurationClassBeanDefinitionReader.loadBeanDefinitionsForConfigurationClass(ConfigurationClassBeanDefinitionReader.java:148) ~[spring-context-6.0.4.jar:6.0.4]
	at org.springframework.context.annotation.ConfigurationClassBeanDefinitionReader.loadBeanDefinitions(ConfigurationClassBeanDefinitionReader.java:120) ~[spring-context-6.0.4.jar:6.0.4]
	at org.springframework.context.annotation.ConfigurationClassPostProcessor.processConfigBeanDefinitions(ConfigurationClassPostProcessor.java:410) ~[spring-context-6.0.4.jar:6.0.4]
	at org.springframework.context.annotation.ConfigurationClassPostProcessor.postProcessBeanDefinitionRegistry(ConfigurationClassPostProcessor.java:283) ~[spring-context-6.0.4.jar:6.0.4]
	at org.springframework.context.support.PostProcessorRegistrationDelegate.invokeBeanDefinitionRegistryPostProcessors(PostProcessorRegistrationDelegate.java:344) ~[spring-context-6.0.4.jar:6.0.4]
	at org.springframework.context.support.PostProcessorRegistrationDelegate.invokeBeanFactoryPostProcessors(PostProcessorRegistrationDelegate.java:115) ~[spring-context-6.0.4.jar:6.0.4]
	at org.springframework.context.support.AbstractApplicationContext.invokeBeanFactoryPostProcessors(AbstractApplicationContext.java:745) ~[spring-context-6.0.4.jar:6.0.4]
	at org.springframework.context.support.AbstractApplicationContext.refresh(AbstractApplicationContext.java:565) ~[spring-context-6.0.4.jar:6.0.4]
	at org.springframework.boot.web.servlet.context.ServletWebServerApplicationContext.refresh(ServletWebServerApplicationContext.java:146) ~[spring-boot-3.0.2.jar:3.0.2]
	at org.springframework.boot.SpringApplication.refresh(SpringApplication.java:730) ~[spring-boot-3.0.2.jar:3.0.2]
	at org.springframework.boot.SpringApplication.refreshContext(SpringApplication.java:432) ~[spring-boot-3.0.2.jar:3.0.2]
	at org.springframework.boot.SpringApplication.run(SpringApplication.java:308) ~[spring-boot-3.0.2.jar:3.0.2]
	at org.springframework.boot.SpringApplication.run(SpringApplication.java:1302) ~[spring-boot-3.0.2.jar:3.0.2]
	at org.springframework.boot.SpringApplication.run(SpringApplication.java:1291) ~[spring-boot-3.0.2.jar:3.0.2]
	at com.bedu.ProyectoFinalHsbcBedu.ProyectoFinalHsbcBeduApplication.main(ProyectoFinalHsbcBeduApplication.java:12) ~[classes/:na]
	at java.base/jdk.internal.reflect.NativeMethodAccessorImpl.invoke0(Native Method) ~[na:na]
	at java.base/jdk.internal.reflect.NativeMethodAccessorImpl.invoke(NativeMethodAccessorImpl.java:77) ~[na:na]
	at java.base/jdk.internal.reflect.DelegatingMethodAccessorImpl.invoke(DelegatingMethodAccessorImpl.java:43) ~[na:na]
	at java.base/java.lang.reflect.Method.invoke(Method.java:568) ~[na:na]
	at org.springframework.boot.devtools.restart.RestartLauncher.run(RestartLauncher.java:49) ~[spring-boot-devtools-3.0.2.jar:3.0.2]
Caused by: java.lang.ClassNotFoundException: com.bedu.ProyectoFinalHsbcBedu.Entity.UsuarioEntity
	at java.base/jdk.internal.loader.BuiltinClassLoader.loadClass(BuiltinClassLoader.java:641) ~[na:na]
	at java.base/jdk.internal.loader.ClassLoaders$AppClassLoader.loadClass(ClassLoaders.java:188) ~[na:na]
	at java.base/java.lang.ClassLoader.loadClass(ClassLoader.java:520) ~[na:na]
	at java.base/java.lang.Class.forName0(Native Method) ~[na:na]
	at java.base/java.lang.Class.forName(Class.java:467) ~[na:na]
	at org.springframework.boot.devtools.restart.classloader.RestartClassLoader.loadClass(RestartClassLoader.java:121) ~[spring-boot-devtools-3.0.2.jar:3.0.2]
	at java.base/java.lang.ClassLoader.loadClass(ClassLoader.java:520) ~[na:na]
	at java.base/java.lang.Class.forName0(Native Method) ~[na:na]
	at java.base/java.lang.Class.forName(Class.java:467) ~[na:na]
	at java.base/sun.reflect.generics.factory.CoreReflectionFactory.makeNamedType(CoreReflectionFactory.java:114) ~[na:na]
	... 41 common frames omitted
[23/02/2023 - 12:16:46] [logTo] [org.springframework.boot.devtools.env.DevToolsPropertyDefaultsPostProcessor] [INFO ] - Devtools property defaults active! Set 'spring.devtools.add-properties' to 'false' to disable
[23/02/2023 - 12:16:46] [logTo] [org.springframework.boot.devtools.env.DevToolsPropertyDefaultsPostProcessor] [INFO ] - For additional web related logging consider setting the 'logging.level.web' property to 'DEBUG'
[23/02/2023 - 12:16:46] [logStarting] [com.bedu.ProyectoFinalHsbcBedu.ProyectoFinalHsbcBeduApplication] [INFO ] - Starting ProyectoFinalHsbcBeduApplication using Java 17.0.6 with PID 23916 (C:\Bedu-HSBC\5. Demo Day\Proyecto\Back-end\target\classes started by igome in C:\Bedu-HSBC\5. Demo Day\Proyecto\Back-end)
[23/02/2023 - 12:16:46] [logStartupProfileInfo] [com.bedu.ProyectoFinalHsbcBedu.ProyectoFinalHsbcBeduApplication] [INFO ] - No active profile set, falling back to 1 default profile: "default"
[23/02/2023 - 12:16:46] [refresh] [org.springframework.boot.web.servlet.context.AnnotationConfigServletWebServerApplicationContext] [WARN ] - Exception encountered during context initialization - cancelling refresh attempt: org.springframework.beans.factory.BeanDefinitionStoreException: Failed to parse configuration class [com.bedu.ProyectoFinalHsbcBedu.ProyectoFinalHsbcBeduApplication]
[23/02/2023 - 12:16:46] [reportFailure] [org.springframework.boot.SpringApplication] [ERROR] - Application run failed
org.springframework.beans.factory.BeanDefinitionStoreException: Failed to parse configuration class [com.bedu.ProyectoFinalHsbcBedu.ProyectoFinalHsbcBeduApplication]
	at org.springframework.context.annotation.ConfigurationClassParser.parse(ConfigurationClassParser.java:178) ~[spring-context-6.0.4.jar:6.0.4]
	at org.springframework.context.annotation.ConfigurationClassPostProcessor.processConfigBeanDefinitions(ConfigurationClassPostProcessor.java:398) ~[spring-context-6.0.4.jar:6.0.4]
	at org.springframework.context.annotation.ConfigurationClassPostProcessor.postProcessBeanDefinitionRegistry(ConfigurationClassPostProcessor.java:283) ~[spring-context-6.0.4.jar:6.0.4]
	at org.springframework.context.support.PostProcessorRegistrationDelegate.invokeBeanDefinitionRegistryPostProcessors(PostProcessorRegistrationDelegate.java:344) ~[spring-context-6.0.4.jar:6.0.4]
	at org.springframework.context.support.PostProcessorRegistrationDelegate.invokeBeanFactoryPostProcessors(PostProcessorRegistrationDelegate.java:115) ~[spring-context-6.0.4.jar:6.0.4]
	at org.springframework.context.support.AbstractApplicationContext.invokeBeanFactoryPostProcessors(AbstractApplicationContext.java:745) ~[spring-context-6.0.4.jar:6.0.4]
	at org.springframework.context.support.AbstractApplicationContext.refresh(AbstractApplicationContext.java:565) ~[spring-context-6.0.4.jar:6.0.4]
	at org.springframework.boot.web.servlet.context.ServletWebServerApplicationContext.refresh(ServletWebServerApplicationContext.java:146) ~[spring-boot-3.0.2.jar:3.0.2]
	at org.springframework.boot.SpringApplication.refresh(SpringApplication.java:730) ~[spring-boot-3.0.2.jar:3.0.2]
	at org.springframework.boot.SpringApplication.refreshContext(SpringApplication.java:432) ~[spring-boot-3.0.2.jar:3.0.2]
	at org.springframework.boot.SpringApplication.run(SpringApplication.java:308) ~[spring-boot-3.0.2.jar:3.0.2]
	at org.springframework.boot.SpringApplication.run(SpringApplication.java:1302) ~[spring-boot-3.0.2.jar:3.0.2]
	at org.springframework.boot.SpringApplication.run(SpringApplication.java:1291) ~[spring-boot-3.0.2.jar:3.0.2]
	at com.bedu.ProyectoFinalHsbcBedu.ProyectoFinalHsbcBeduApplication.main(ProyectoFinalHsbcBeduApplication.java:12) ~[classes/:na]
	at java.base/jdk.internal.reflect.NativeMethodAccessorImpl.invoke0(Native Method) ~[na:na]
	at java.base/jdk.internal.reflect.NativeMethodAccessorImpl.invoke(NativeMethodAccessorImpl.java:77) ~[na:na]
	at java.base/jdk.internal.reflect.DelegatingMethodAccessorImpl.invoke(DelegatingMethodAccessorImpl.java:43) ~[na:na]
	at java.base/java.lang.reflect.Method.invoke(Method.java:568) ~[na:na]
	at org.springframework.boot.devtools.restart.RestartLauncher.run(RestartLauncher.java:49) ~[spring-boot-devtools-3.0.2.jar:3.0.2]
Caused by: java.io.FileNotFoundException: class path resource [com/bedu/ProyectoFinalHsbcBedu/Mapper/IDireccionMapper.class] cannot be opened because it does not exist
	at org.springframework.core.io.ClassPathResource.getInputStream(ClassPathResource.java:211) ~[spring-core-6.0.4.jar:6.0.4]
	at org.springframework.core.type.classreading.SimpleMetadataReader.getClassReader(SimpleMetadataReader.java:54) ~[spring-core-6.0.4.jar:6.0.4]
	at org.springframework.core.type.classreading.SimpleMetadataReader.<init>(SimpleMetadataReader.java:48) ~[spring-core-6.0.4.jar:6.0.4]
	at org.springframework.core.type.classreading.SimpleMetadataReaderFactory.getMetadataReader(SimpleMetadataReaderFactory.java:103) ~[spring-core-6.0.4.jar:6.0.4]
	at org.springframework.boot.type.classreading.ConcurrentReferenceCachingMetadataReaderFactory.createMetadataReader(ConcurrentReferenceCachingMetadataReaderFactory.java:86) ~[spring-boot-3.0.2.jar:3.0.2]
	at org.springframework.boot.type.classreading.ConcurrentReferenceCachingMetadataReaderFactory.getMetadataReader(ConcurrentReferenceCachingMetadataReaderFactory.java:73) ~[spring-boot-3.0.2.jar:3.0.2]
	at org.springframework.core.type.classreading.SimpleMetadataReaderFactory.getMetadataReader(SimpleMetadataReaderFactory.java:81) ~[spring-core-6.0.4.jar:6.0.4]
	at org.springframework.context.annotation.ConfigurationClassParser.asSourceClass(ConfigurationClassParser.java:610) ~[spring-context-6.0.4.jar:6.0.4]
	at org.springframework.context.annotation.ConfigurationClassParser$SourceClass.getInterfaces(ConfigurationClassParser.java:936) ~[spring-context-6.0.4.jar:6.0.4]
	at org.springframework.context.annotation.ConfigurationClassParser.processInterfaces(ConfigurationClassParser.java:379) ~[spring-context-6.0.4.jar:6.0.4]
	at org.springframework.context.annotation.ConfigurationClassParser.doProcessConfigurationClass(ConfigurationClassParser.java:325) ~[spring-context-6.0.4.jar:6.0.4]
	at org.springframework.context.annotation.ConfigurationClassParser.processConfigurationClass(ConfigurationClassParser.java:243) ~[spring-context-6.0.4.jar:6.0.4]
	at org.springframework.context.annotation.ConfigurationClassParser.parse(ConfigurationClassParser.java:188) ~[spring-context-6.0.4.jar:6.0.4]
	at org.springframework.context.annotation.ConfigurationClassParser.doProcessConfigurationClass(ConfigurationClassParser.java:297) ~[spring-context-6.0.4.jar:6.0.4]
	at org.springframework.context.annotation.ConfigurationClassParser.processConfigurationClass(ConfigurationClassParser.java:243) ~[spring-context-6.0.4.jar:6.0.4]
	at org.springframework.context.annotation.ConfigurationClassParser.parse(ConfigurationClassParser.java:196) ~[spring-context-6.0.4.jar:6.0.4]
	at org.springframework.context.annotation.ConfigurationClassParser.parse(ConfigurationClassParser.java:164) ~[spring-context-6.0.4.jar:6.0.4]
	... 18 common frames omitted
[23/02/2023 - 12:16:49] [logStarting] [com.bedu.ProyectoFinalHsbcBedu.ProyectoFinalHsbcBeduApplication] [INFO ] - Starting ProyectoFinalHsbcBeduApplication using Java 17.0.6 with PID 23916 (C:\Bedu-HSBC\5. Demo Day\Proyecto\Back-end\target\classes started by igome in C:\Bedu-HSBC\5. Demo Day\Proyecto\Back-end)
[23/02/2023 - 12:16:49] [logStartupProfileInfo] [com.bedu.ProyectoFinalHsbcBedu.ProyectoFinalHsbcBeduApplication] [INFO ] - No active profile set, falling back to 1 default profile: "default"
[23/02/2023 - 12:16:50] [registerRepositoriesIn] [org.springframework.data.repository.config.RepositoryConfigurationDelegate] [INFO ] - Bootstrapping Spring Data JPA repositories in DEFAULT mode.
[23/02/2023 - 12:16:50] [registerRepositoriesIn] [org.springframework.data.repository.config.RepositoryConfigurationDelegate] [INFO ] - Finished Spring Data repository scanning in 38 ms. Found 2 JPA repository interfaces.
[23/02/2023 - 12:16:50] [initialize] [org.springframework.boot.web.embedded.tomcat.TomcatWebServer] [INFO ] - Tomcat initialized with port(s): 8080 (http)
[23/02/2023 - 12:16:50] [log] [org.apache.catalina.core.StandardService] [INFO ] - Starting service [Tomcat]
[23/02/2023 - 12:16:50] [log] [org.apache.catalina.core.StandardEngine] [INFO ] - Starting Servlet engine: [Apache Tomcat/10.1.5]
[23/02/2023 - 12:16:50] [log] [org.apache.catalina.core.ContainerBase.[Tomcat].[localhost].[/]] [INFO ] - Initializing Spring embedded WebApplicationContext
[23/02/2023 - 12:16:50] [prepareWebApplicationContext] [org.springframework.boot.web.servlet.context.ServletWebServerApplicationContext] [INFO ] - Root WebApplicationContext: initialization completed in 622 ms
[23/02/2023 - 12:16:50] [logPersistenceUnitInformation] [org.hibernate.jpa.internal.util.LogHelper] [INFO ] - HHH000204: Processing PersistenceUnitInfo [name: default]
[23/02/2023 - 12:16:50] [lambda$new$1] [org.hibernate.orm.deprecation] [WARN ] - HHH90000021: Encountered deprecated setting [javax.persistence.sharedCache.mode], use [jakarta.persistence.sharedCache.mode] instead
[23/02/2023 - 12:16:50] [getConnection] [com.zaxxer.hikari.HikariDataSource] [INFO ] - HikariPool-2 - Starting...
[23/02/2023 - 12:16:50] [checkFailFast] [com.zaxxer.hikari.pool.HikariPool] [INFO ] - HikariPool-2 - Added connection com.mysql.cj.jdbc.ConnectionImpl@4b7d83e8
[23/02/2023 - 12:16:50] [getConnection] [com.zaxxer.hikari.HikariDataSource] [INFO ] - HikariPool-2 - Start completed.
[23/02/2023 - 12:16:50] [logSelectedDialect] [SQL dialect] [INFO ] - HHH000400: Using dialect: org.hibernate.dialect.MySQLDialect
[23/02/2023 - 12:16:50] [initiateService] [org.hibernate.engine.transaction.jta.platform.internal.JtaPlatformInitiator] [INFO ] - HHH000490: Using JtaPlatform implementation: [org.hibernate.engine.transaction.jta.platform.internal.NoJtaPlatform]
[23/02/2023 - 12:16:50] [buildNativeEntityManagerFactory] [org.springframework.orm.jpa.LocalContainerEntityManagerFactoryBean] [INFO ] - Initialized JPA EntityManagerFactory for persistence unit 'default'
[23/02/2023 - 12:16:50] [openEntityManagerInViewInterceptor] [org.springframework.boot.autoconfigure.orm.jpa.JpaBaseConfiguration$JpaWebConfiguration] [WARN ] - spring.jpa.open-in-view is enabled by default. Therefore, database queries may be performed during view rendering. Explicitly configure spring.jpa.open-in-view to disable this warning
[23/02/2023 - 12:16:50] [<init>] [org.springframework.security.web.DefaultSecurityFilterChain] [INFO ] - Will secure any request with [org.springframework.security.web.session.DisableEncodeUrlFilter@5e158d97, org.springframework.security.web.context.request.async.WebAsyncManagerIntegrationFilter@51931902, org.springframework.security.web.context.SecurityContextHolderFilter@652025bd, org.springframework.security.web.header.HeaderWriterFilter@704b6bd5, org.springframework.web.filter.CorsFilter@4611950b, org.springframework.security.web.authentication.logout.LogoutFilter@123d24cc, com.bedu.ProyectoFinalHsbcBedu.Security.JwtAuthFilter@118350d9, com.bedu.ProyectoFinalHsbcBedu.Security.JwtToHeaderFilter@1f1c68aa, org.springframework.security.web.savedrequest.RequestCacheAwareFilter@5390fe7, org.springframework.security.web.servletapi.SecurityContextHolderAwareRequestFilter@2e07d956, org.springframework.security.web.authentication.AnonymousAuthenticationFilter@6d1737eb, org.springframework.security.web.session.SessionManagementFilter@62cef07f, org.springframework.security.web.access.ExceptionTranslationFilter@42c457a1, org.springframework.security.web.access.intercept.AuthorizationFilter@285e3142]
[23/02/2023 - 12:16:50] [startServer] [org.springframework.boot.devtools.autoconfigure.OptionalLiveReloadServer] [INFO ] - LiveReload server is running on port 35729
[23/02/2023 - 12:16:50] [start] [org.springframework.boot.web.embedded.tomcat.TomcatWebServer] [INFO ] - Tomcat started on port(s): 8080 (http) with context path ''
[23/02/2023 - 12:16:50] [logStarted] [com.bedu.ProyectoFinalHsbcBedu.ProyectoFinalHsbcBeduApplication] [INFO ] - Started ProyectoFinalHsbcBeduApplication in 1.093 seconds (process running for 996.519)
[23/02/2023 - 12:16:50] [run] [com.bedu.ProyectoFinalHsbcBedu.Config.FunkosSeeder] [INFO ] - Insertando valores iniciales...
[23/02/2023 - 12:16:50] [run] [com.bedu.ProyectoFinalHsbcBedu.Config.FunkosSeeder] [WARN ] - Los productos ya se encuentran agregados a la BD.
[23/02/2023 - 12:16:50] [onApplicationEvent] [org.springframework.boot.devtools.autoconfigure.ConditionEvaluationDeltaLoggingListener] [INFO ] - Condition evaluation unchanged
[23/02/2023 - 12:17:05] [logStarting] [com.bedu.ProyectoFinalHsbcBedu.Entity.UsuarioEntityTest] [INFO ] - Starting UsuarioEntityTest using Java 17.0.6 with PID 23104 (started by igome in C:\Bedu-HSBC\5. Demo Day\Proyecto\Back-end)
[23/02/2023 - 12:17:05] [logStartupProfileInfo] [com.bedu.ProyectoFinalHsbcBedu.Entity.UsuarioEntityTest] [INFO ] - No active profile set, falling back to 1 default profile: "default"
[23/02/2023 - 12:17:06] [registerRepositoriesIn] [org.springframework.data.repository.config.RepositoryConfigurationDelegate] [INFO ] - Bootstrapping Spring Data JPA repositories in DEFAULT mode.
[23/02/2023 - 12:17:06] [registerRepositoriesIn] [org.springframework.data.repository.config.RepositoryConfigurationDelegate] [INFO ] - Finished Spring Data repository scanning in 58 ms. Found 2 JPA repository interfaces.
[23/02/2023 - 12:17:06] [logPersistenceUnitInformation] [org.hibernate.jpa.internal.util.LogHelper] [INFO ] - HHH000204: Processing PersistenceUnitInfo [name: default]
[23/02/2023 - 12:17:06] [logVersion] [org.hibernate.Version] [INFO ] - HHH000412: Hibernate ORM core version 6.1.6.Final
[23/02/2023 - 12:17:06] [lambda$new$1] [org.hibernate.orm.deprecation] [WARN ] - HHH90000021: Encountered deprecated setting [javax.persistence.sharedCache.mode], use [jakarta.persistence.sharedCache.mode] instead
[23/02/2023 - 12:17:06] [getConnection] [com.zaxxer.hikari.HikariDataSource] [INFO ] - HikariPool-1 - Starting...
[23/02/2023 - 12:17:06] [checkFailFast] [com.zaxxer.hikari.pool.HikariPool] [INFO ] - HikariPool-1 - Added connection com.mysql.cj.jdbc.ConnectionImpl@3c18942
[23/02/2023 - 12:17:06] [getConnection] [com.zaxxer.hikari.HikariDataSource] [INFO ] - HikariPool-1 - Start completed.
[23/02/2023 - 12:17:06] [logSelectedDialect] [SQL dialect] [INFO ] - HHH000400: Using dialect: org.hibernate.dialect.MySQLDialect
[23/02/2023 - 12:17:07] [initiateService] [org.hibernate.engine.transaction.jta.platform.internal.JtaPlatformInitiator] [INFO ] - HHH000490: Using JtaPlatform implementation: [org.hibernate.engine.transaction.jta.platform.internal.NoJtaPlatform]
[23/02/2023 - 12:17:07] [buildNativeEntityManagerFactory] [org.springframework.orm.jpa.LocalContainerEntityManagerFactoryBean] [INFO ] - Initialized JPA EntityManagerFactory for persistence unit 'default'
[23/02/2023 - 12:17:08] [logStarted] [com.bedu.ProyectoFinalHsbcBedu.Entity.UsuarioEntityTest] [INFO ] - Started UsuarioEntityTest in 2.665 seconds (process running for 3.476)
[23/02/2023 - 12:17:08] [destroy] [org.springframework.orm.jpa.LocalContainerEntityManagerFactoryBean] [INFO ] - Closing JPA EntityManagerFactory for persistence unit 'default'
[23/02/2023 - 12:17:08] [close] [com.zaxxer.hikari.HikariDataSource] [INFO ] - HikariPool-1 - Shutdown initiated...
[23/02/2023 - 12:17:08] [close] [com.zaxxer.hikari.HikariDataSource] [INFO ] - HikariPool-1 - Shutdown completed.
[23/02/2023 - 12:18:19] [logStarting] [com.bedu.ProyectoFinalHsbcBedu.Repository.IUsuarioRepositoryTest] [INFO ] - Starting IUsuarioRepositoryTest using Java 17.0.6 with PID 25876 (started by igome in C:\Bedu-HSBC\5. Demo Day\Proyecto\Back-end)
[23/02/2023 - 12:18:19] [logStartupProfileInfo] [com.bedu.ProyectoFinalHsbcBedu.Repository.IUsuarioRepositoryTest] [INFO ] - No active profile set, falling back to 1 default profile: "default"
[23/02/2023 - 12:18:19] [registerRepositoriesIn] [org.springframework.data.repository.config.RepositoryConfigurationDelegate] [INFO ] - Bootstrapping Spring Data JPA repositories in DEFAULT mode.
[23/02/2023 - 12:18:19] [registerRepositoriesIn] [org.springframework.data.repository.config.RepositoryConfigurationDelegate] [INFO ] - Finished Spring Data repository scanning in 63 ms. Found 2 JPA repository interfaces.
[23/02/2023 - 12:18:19] [logPersistenceUnitInformation] [org.hibernate.jpa.internal.util.LogHelper] [INFO ] - HHH000204: Processing PersistenceUnitInfo [name: default]
[23/02/2023 - 12:18:19] [logVersion] [org.hibernate.Version] [INFO ] - HHH000412: Hibernate ORM core version 6.1.6.Final
[23/02/2023 - 12:18:20] [lambda$new$1] [org.hibernate.orm.deprecation] [WARN ] - HHH90000021: Encountered deprecated setting [javax.persistence.sharedCache.mode], use [jakarta.persistence.sharedCache.mode] instead
[23/02/2023 - 12:18:20] [getConnection] [com.zaxxer.hikari.HikariDataSource] [INFO ] - HikariPool-1 - Starting...
[23/02/2023 - 12:18:20] [checkFailFast] [com.zaxxer.hikari.pool.HikariPool] [INFO ] - HikariPool-1 - Added connection com.mysql.cj.jdbc.ConnectionImpl@5fd43e58
[23/02/2023 - 12:18:20] [getConnection] [com.zaxxer.hikari.HikariDataSource] [INFO ] - HikariPool-1 - Start completed.
[23/02/2023 - 12:18:20] [logSelectedDialect] [SQL dialect] [INFO ] - HHH000400: Using dialect: org.hibernate.dialect.MySQLDialect
[23/02/2023 - 12:18:21] [initiateService] [org.hibernate.engine.transaction.jta.platform.internal.JtaPlatformInitiator] [INFO ] - HHH000490: Using JtaPlatform implementation: [org.hibernate.engine.transaction.jta.platform.internal.NoJtaPlatform]
[23/02/2023 - 12:18:21] [buildNativeEntityManagerFactory] [org.springframework.orm.jpa.LocalContainerEntityManagerFactoryBean] [INFO ] - Initialized JPA EntityManagerFactory for persistence unit 'default'
[23/02/2023 - 12:18:21] [logStarted] [com.bedu.ProyectoFinalHsbcBedu.Repository.IUsuarioRepositoryTest] [INFO ] - Started IUsuarioRepositoryTest in 2.7 seconds (process running for 3.506)
[23/02/2023 - 12:18:21] [logExceptions] [org.hibernate.engine.jdbc.spi.SqlExceptionHelper] [WARN ] - SQL Error: 1048, SQLState: 23000
[23/02/2023 - 12:18:21] [logExceptions] [org.hibernate.engine.jdbc.spi.SqlExceptionHelper] [ERROR] - Column 'user_password' cannot be null
[23/02/2023 - 12:18:21] [destroy] [org.springframework.orm.jpa.LocalContainerEntityManagerFactoryBean] [INFO ] - Closing JPA EntityManagerFactory for persistence unit 'default'
[23/02/2023 - 12:18:21] [close] [com.zaxxer.hikari.HikariDataSource] [INFO ] - HikariPool-1 - Shutdown initiated...
[23/02/2023 - 12:18:21] [close] [com.zaxxer.hikari.HikariDataSource] [INFO ] - HikariPool-1 - Shutdown completed.
[23/02/2023 - 12:20:33] [logStarting] [com.bedu.ProyectoFinalHsbcBedu.Repository.IUsuarioRepositoryTest] [INFO ] - Starting IUsuarioRepositoryTest using Java 17.0.6 with PID 16392 (started by igome in C:\Bedu-HSBC\5. Demo Day\Proyecto\Back-end)
[23/02/2023 - 12:20:33] [logStartupProfileInfo] [com.bedu.ProyectoFinalHsbcBedu.Repository.IUsuarioRepositoryTest] [INFO ] - No active profile set, falling back to 1 default profile: "default"
[23/02/2023 - 12:20:33] [registerRepositoriesIn] [org.springframework.data.repository.config.RepositoryConfigurationDelegate] [INFO ] - Bootstrapping Spring Data JPA repositories in DEFAULT mode.
[23/02/2023 - 12:20:33] [registerRepositoriesIn] [org.springframework.data.repository.config.RepositoryConfigurationDelegate] [INFO ] - Finished Spring Data repository scanning in 55 ms. Found 2 JPA repository interfaces.
[23/02/2023 - 12:20:33] [logPersistenceUnitInformation] [org.hibernate.jpa.internal.util.LogHelper] [INFO ] - HHH000204: Processing PersistenceUnitInfo [name: default]
[23/02/2023 - 12:20:33] [logVersion] [org.hibernate.Version] [INFO ] - HHH000412: Hibernate ORM core version 6.1.6.Final
[23/02/2023 - 12:20:33] [lambda$new$1] [org.hibernate.orm.deprecation] [WARN ] - HHH90000021: Encountered deprecated setting [javax.persistence.sharedCache.mode], use [jakarta.persistence.sharedCache.mode] instead
[23/02/2023 - 12:20:34] [getConnection] [com.zaxxer.hikari.HikariDataSource] [INFO ] - HikariPool-1 - Starting...
[23/02/2023 - 12:20:34] [checkFailFast] [com.zaxxer.hikari.pool.HikariPool] [INFO ] - HikariPool-1 - Added connection com.mysql.cj.jdbc.ConnectionImpl@430df350
[23/02/2023 - 12:20:34] [getConnection] [com.zaxxer.hikari.HikariDataSource] [INFO ] - HikariPool-1 - Start completed.
[23/02/2023 - 12:20:34] [logSelectedDialect] [SQL dialect] [INFO ] - HHH000400: Using dialect: org.hibernate.dialect.MySQLDialect
[23/02/2023 - 12:20:35] [initiateService] [org.hibernate.engine.transaction.jta.platform.internal.JtaPlatformInitiator] [INFO ] - HHH000490: Using JtaPlatform implementation: [org.hibernate.engine.transaction.jta.platform.internal.NoJtaPlatform]
[23/02/2023 - 12:20:35] [buildNativeEntityManagerFactory] [org.springframework.orm.jpa.LocalContainerEntityManagerFactoryBean] [INFO ] - Initialized JPA EntityManagerFactory for persistence unit 'default'
[23/02/2023 - 12:20:35] [logStarted] [com.bedu.ProyectoFinalHsbcBedu.Repository.IUsuarioRepositoryTest] [INFO ] - Started IUsuarioRepositoryTest in 2.721 seconds (process running for 3.515)
[23/02/2023 - 12:20:35] [logExceptions] [org.hibernate.engine.jdbc.spi.SqlExceptionHelper] [WARN ] - SQL Error: 1048, SQLState: 23000
[23/02/2023 - 12:20:35] [logExceptions] [org.hibernate.engine.jdbc.spi.SqlExceptionHelper] [ERROR] - Column 'user_password' cannot be null
[23/02/2023 - 12:20:35] [logExceptions] [org.hibernate.engine.jdbc.spi.SqlExceptionHelper] [WARN ] - SQL Error: 1048, SQLState: 23000
[23/02/2023 - 12:20:35] [logExceptions] [org.hibernate.engine.jdbc.spi.SqlExceptionHelper] [ERROR] - Column 'name' cannot be null
[23/02/2023 - 12:20:35] [logExceptions] [org.hibernate.engine.jdbc.spi.SqlExceptionHelper] [WARN ] - SQL Error: 1048, SQLState: 23000
[23/02/2023 - 12:20:35] [logExceptions] [org.hibernate.engine.jdbc.spi.SqlExceptionHelper] [ERROR] - Column 'email' cannot be null
[23/02/2023 - 12:20:35] [destroy] [org.springframework.orm.jpa.LocalContainerEntityManagerFactoryBean] [INFO ] - Closing JPA EntityManagerFactory for persistence unit 'default'
[23/02/2023 - 12:20:35] [close] [com.zaxxer.hikari.HikariDataSource] [INFO ] - HikariPool-1 - Shutdown initiated...
[23/02/2023 - 12:20:35] [close] [com.zaxxer.hikari.HikariDataSource] [INFO ] - HikariPool-1 - Shutdown completed.
[23/02/2023 - 12:21:33] [logStarting] [com.bedu.ProyectoFinalHsbcBedu.Repository.IProductoFunkoRepositoryTest] [INFO ] - Starting IProductoFunkoRepositoryTest using Java 17.0.6 with PID 28560 (started by igome in C:\Bedu-HSBC\5. Demo Day\Proyecto\Back-end)
[23/02/2023 - 12:21:33] [logStartupProfileInfo] [com.bedu.ProyectoFinalHsbcBedu.Repository.IProductoFunkoRepositoryTest] [INFO ] - No active profile set, falling back to 1 default profile: "default"
[23/02/2023 - 12:21:34] [registerRepositoriesIn] [org.springframework.data.repository.config.RepositoryConfigurationDelegate] [INFO ] - Bootstrapping Spring Data JPA repositories in DEFAULT mode.
[23/02/2023 - 12:21:34] [registerRepositoriesIn] [org.springframework.data.repository.config.RepositoryConfigurationDelegate] [INFO ] - Finished Spring Data repository scanning in 54 ms. Found 2 JPA repository interfaces.
[23/02/2023 - 12:21:34] [logPersistenceUnitInformation] [org.hibernate.jpa.internal.util.LogHelper] [INFO ] - HHH000204: Processing PersistenceUnitInfo [name: default]
[23/02/2023 - 12:21:34] [logVersion] [org.hibernate.Version] [INFO ] - HHH000412: Hibernate ORM core version 6.1.6.Final
[23/02/2023 - 12:21:34] [lambda$new$1] [org.hibernate.orm.deprecation] [WARN ] - HHH90000021: Encountered deprecated setting [javax.persistence.sharedCache.mode], use [jakarta.persistence.sharedCache.mode] instead
[23/02/2023 - 12:21:34] [getConnection] [com.zaxxer.hikari.HikariDataSource] [INFO ] - HikariPool-1 - Starting...
[23/02/2023 - 12:21:35] [checkFailFast] [com.zaxxer.hikari.pool.HikariPool] [INFO ] - HikariPool-1 - Added connection com.mysql.cj.jdbc.ConnectionImpl@451e2fa9
[23/02/2023 - 12:21:35] [getConnection] [com.zaxxer.hikari.HikariDataSource] [INFO ] - HikariPool-1 - Start completed.
[23/02/2023 - 12:21:35] [logSelectedDialect] [SQL dialect] [INFO ] - HHH000400: Using dialect: org.hibernate.dialect.MySQLDialect
[23/02/2023 - 12:21:35] [initiateService] [org.hibernate.engine.transaction.jta.platform.internal.JtaPlatformInitiator] [INFO ] - HHH000490: Using JtaPlatform implementation: [org.hibernate.engine.transaction.jta.platform.internal.NoJtaPlatform]
[23/02/2023 - 12:21:35] [buildNativeEntityManagerFactory] [org.springframework.orm.jpa.LocalContainerEntityManagerFactoryBean] [INFO ] - Initialized JPA EntityManagerFactory for persistence unit 'default'
[23/02/2023 - 12:21:36] [logStarted] [com.bedu.ProyectoFinalHsbcBedu.Repository.IProductoFunkoRepositoryTest] [INFO ] - Started IProductoFunkoRepositoryTest in 2.65 seconds (process running for 3.444)
[23/02/2023 - 12:21:36] [destroy] [org.springframework.orm.jpa.LocalContainerEntityManagerFactoryBean] [INFO ] - Closing JPA EntityManagerFactory for persistence unit 'default'
[23/02/2023 - 12:21:36] [close] [com.zaxxer.hikari.HikariDataSource] [INFO ] - HikariPool-1 - Shutdown initiated...
[23/02/2023 - 12:21:36] [close] [com.zaxxer.hikari.HikariDataSource] [INFO ] - HikariPool-1 - Shutdown completed.
[23/02/2023 - 12:31:38] [onApplicationEvent] [org.springframework.boot.devtools.autoconfigure.LocalDevToolsAutoConfiguration$RestartingClassPathChangeChangedEventListener] [INFO ] - Restarting due to 39 class path changes (0 additions, 0 deletions, 39 modifications)
[23/02/2023 - 12:31:38] [log] [org.apache.catalina.core.StandardService] [INFO ] - Stopping service [Tomcat]
[23/02/2023 - 12:31:38] [log] [org.apache.catalina.loader.WebappClassLoaderBase] [WARN ] - The web application [ROOT] appears to have started a thread named [HikariPool-2 housekeeper] but has failed to stop it. This is very likely to create a memory leak. Stack trace of thread:
 java.base@17.0.6/jdk.internal.misc.Unsafe.park(Native Method)
 java.base@17.0.6/java.util.concurrent.locks.LockSupport.parkNanos(LockSupport.java:252)
 java.base@17.0.6/java.util.concurrent.locks.AbstractQueuedSynchronizer$ConditionObject.awaitNanos(AbstractQueuedSynchronizer.java:1672)
 java.base@17.0.6/java.util.concurrent.ScheduledThreadPoolExecutor$DelayedWorkQueue.take(ScheduledThreadPoolExecutor.java:1182)
 java.base@17.0.6/java.util.concurrent.ScheduledThreadPoolExecutor$DelayedWorkQueue.take(ScheduledThreadPoolExecutor.java:899)
 java.base@17.0.6/java.util.concurrent.ThreadPoolExecutor.getTask(ThreadPoolExecutor.java:1062)
 java.base@17.0.6/java.util.concurrent.ThreadPoolExecutor.runWorker(ThreadPoolExecutor.java:1122)
 java.base@17.0.6/java.util.concurrent.ThreadPoolExecutor$Worker.run(ThreadPoolExecutor.java:635)
 java.base@17.0.6/java.lang.Thread.run(Thread.java:833)
[23/02/2023 - 12:31:38] [destroy] [org.springframework.orm.jpa.LocalContainerEntityManagerFactoryBean] [INFO ] - Closing JPA EntityManagerFactory for persistence unit 'default'
[23/02/2023 - 12:31:38] [close] [com.zaxxer.hikari.HikariDataSource] [INFO ] - HikariPool-2 - Shutdown initiated...
[23/02/2023 - 12:31:38] [close] [com.zaxxer.hikari.HikariDataSource] [INFO ] - HikariPool-2 - Shutdown completed.
[23/02/2023 - 12:31:38] [logStarting] [com.bedu.ProyectoFinalHsbcBedu.ProyectoFinalHsbcBeduApplication] [INFO ] - Starting ProyectoFinalHsbcBeduApplication using Java 17.0.6 with PID 23916 (C:\Bedu-HSBC\5. Demo Day\Proyecto\Back-end\target\classes started by igome in C:\Bedu-HSBC\5. Demo Day\Proyecto\Back-end)
[23/02/2023 - 12:31:38] [logStartupProfileInfo] [com.bedu.ProyectoFinalHsbcBedu.ProyectoFinalHsbcBeduApplication] [INFO ] - No active profile set, falling back to 1 default profile: "default"
[23/02/2023 - 12:31:38] [registerRepositoriesIn] [org.springframework.data.repository.config.RepositoryConfigurationDelegate] [INFO ] - Bootstrapping Spring Data JPA repositories in DEFAULT mode.
[23/02/2023 - 12:31:38] [registerRepositoriesIn] [org.springframework.data.repository.config.RepositoryConfigurationDelegate] [INFO ] - Finished Spring Data repository scanning in 20 ms. Found 2 JPA repository interfaces.
[23/02/2023 - 12:31:38] [initialize] [org.springframework.boot.web.embedded.tomcat.TomcatWebServer] [INFO ] - Tomcat initialized with port(s): 8080 (http)
[23/02/2023 - 12:31:38] [log] [org.apache.catalina.core.StandardService] [INFO ] - Starting service [Tomcat]
[23/02/2023 - 12:31:38] [log] [org.apache.catalina.core.StandardEngine] [INFO ] - Starting Servlet engine: [Apache Tomcat/10.1.5]
[23/02/2023 - 12:31:39] [log] [org.apache.catalina.core.ContainerBase.[Tomcat].[localhost].[/]] [INFO ] - Initializing Spring embedded WebApplicationContext
[23/02/2023 - 12:31:39] [prepareWebApplicationContext] [org.springframework.boot.web.servlet.context.ServletWebServerApplicationContext] [INFO ] - Root WebApplicationContext: initialization completed in 364 ms
[23/02/2023 - 12:31:39] [logPersistenceUnitInformation] [org.hibernate.jpa.internal.util.LogHelper] [INFO ] - HHH000204: Processing PersistenceUnitInfo [name: default]
[23/02/2023 - 12:31:39] [lambda$new$1] [org.hibernate.orm.deprecation] [WARN ] - HHH90000021: Encountered deprecated setting [javax.persistence.sharedCache.mode], use [jakarta.persistence.sharedCache.mode] instead
[23/02/2023 - 12:31:39] [getConnection] [com.zaxxer.hikari.HikariDataSource] [INFO ] - HikariPool-3 - Starting...
[23/02/2023 - 12:31:39] [checkFailFast] [com.zaxxer.hikari.pool.HikariPool] [INFO ] - HikariPool-3 - Added connection com.mysql.cj.jdbc.ConnectionImpl@8a2eb53
[23/02/2023 - 12:31:39] [getConnection] [com.zaxxer.hikari.HikariDataSource] [INFO ] - HikariPool-3 - Start completed.
[23/02/2023 - 12:31:39] [logSelectedDialect] [SQL dialect] [INFO ] - HHH000400: Using dialect: org.hibernate.dialect.MySQLDialect
[23/02/2023 - 12:31:39] [initiateService] [org.hibernate.engine.transaction.jta.platform.internal.JtaPlatformInitiator] [INFO ] - HHH000490: Using JtaPlatform implementation: [org.hibernate.engine.transaction.jta.platform.internal.NoJtaPlatform]
[23/02/2023 - 12:31:39] [buildNativeEntityManagerFactory] [org.springframework.orm.jpa.LocalContainerEntityManagerFactoryBean] [INFO ] - Initialized JPA EntityManagerFactory for persistence unit 'default'
[23/02/2023 - 12:31:39] [openEntityManagerInViewInterceptor] [org.springframework.boot.autoconfigure.orm.jpa.JpaBaseConfiguration$JpaWebConfiguration] [WARN ] - spring.jpa.open-in-view is enabled by default. Therefore, database queries may be performed during view rendering. Explicitly configure spring.jpa.open-in-view to disable this warning
[23/02/2023 - 12:31:39] [<init>] [org.springframework.security.web.DefaultSecurityFilterChain] [INFO ] - Will secure any request with [org.springframework.security.web.session.DisableEncodeUrlFilter@6868400, org.springframework.security.web.context.request.async.WebAsyncManagerIntegrationFilter@383d8f66, org.springframework.security.web.context.SecurityContextHolderFilter@5cd1f936, org.springframework.security.web.header.HeaderWriterFilter@5a3757dc, org.springframework.web.filter.CorsFilter@1e0bd733, org.springframework.security.web.authentication.logout.LogoutFilter@67dc48e6, com.bedu.ProyectoFinalHsbcBedu.Security.JwtAuthFilter@4162a49, com.bedu.ProyectoFinalHsbcBedu.Security.JwtToHeaderFilter@779be008, org.springframework.security.web.savedrequest.RequestCacheAwareFilter@65776d55, org.springframework.security.web.servletapi.SecurityContextHolderAwareRequestFilter@59e4f90, org.springframework.security.web.authentication.AnonymousAuthenticationFilter@450fcc7f, org.springframework.security.web.session.SessionManagementFilter@1aaea172, org.springframework.security.web.access.ExceptionTranslationFilter@7b5858e9, org.springframework.security.web.access.intercept.AuthorizationFilter@4a5465a7]
[23/02/2023 - 12:31:39] [startServer] [org.springframework.boot.devtools.autoconfigure.OptionalLiveReloadServer] [INFO ] - LiveReload server is running on port 35729
[23/02/2023 - 12:31:39] [start] [org.springframework.boot.web.embedded.tomcat.TomcatWebServer] [INFO ] - Tomcat started on port(s): 8080 (http) with context path ''
[23/02/2023 - 12:31:39] [logStarted] [com.bedu.ProyectoFinalHsbcBedu.ProyectoFinalHsbcBeduApplication] [INFO ] - Started ProyectoFinalHsbcBeduApplication in 0.916 seconds (process running for 1885.327)
[23/02/2023 - 12:31:39] [run] [com.bedu.ProyectoFinalHsbcBedu.Config.FunkosSeeder] [INFO ] - Insertando valores iniciales...
[23/02/2023 - 12:31:39] [run] [com.bedu.ProyectoFinalHsbcBedu.Config.FunkosSeeder] [WARN ] - Los productos ya se encuentran agregados a la BD.
[23/02/2023 - 12:31:39] [onApplicationEvent] [org.springframework.boot.devtools.autoconfigure.ConditionEvaluationDeltaLoggingListener] [INFO ] - Condition evaluation unchanged
[23/02/2023 - 12:31:40] [logStarting] [com.bedu.ProyectoFinalHsbcBedu.Entity.ProductoFunkoEntityTest] [INFO ] - Starting ProductoFunkoEntityTest using Java 17.0.6 with PID 17164 (started by igome in C:\Bedu-HSBC\5. Demo Day\Proyecto\Back-end)
[23/02/2023 - 12:31:40] [logStartupProfileInfo] [com.bedu.ProyectoFinalHsbcBedu.Entity.ProductoFunkoEntityTest] [INFO ] - No active profile set, falling back to 1 default profile: "default"
[23/02/2023 - 12:31:40] [registerRepositoriesIn] [org.springframework.data.repository.config.RepositoryConfigurationDelegate] [INFO ] - Bootstrapping Spring Data JPA repositories in DEFAULT mode.
[23/02/2023 - 12:31:40] [registerRepositoriesIn] [org.springframework.data.repository.config.RepositoryConfigurationDelegate] [INFO ] - Finished Spring Data repository scanning in 58 ms. Found 2 JPA repository interfaces.
[23/02/2023 - 12:31:40] [logPersistenceUnitInformation] [org.hibernate.jpa.internal.util.LogHelper] [INFO ] - HHH000204: Processing PersistenceUnitInfo [name: default]
[23/02/2023 - 12:31:41] [logVersion] [org.hibernate.Version] [INFO ] - HHH000412: Hibernate ORM core version 6.1.6.Final
[23/02/2023 - 12:31:41] [lambda$new$1] [org.hibernate.orm.deprecation] [WARN ] - HHH90000021: Encountered deprecated setting [javax.persistence.sharedCache.mode], use [jakarta.persistence.sharedCache.mode] instead
[23/02/2023 - 12:31:41] [getConnection] [com.zaxxer.hikari.HikariDataSource] [INFO ] - HikariPool-1 - Starting...
[23/02/2023 - 12:31:41] [checkFailFast] [com.zaxxer.hikari.pool.HikariPool] [INFO ] - HikariPool-1 - Added connection com.mysql.cj.jdbc.ConnectionImpl@1b46392c
[23/02/2023 - 12:31:41] [getConnection] [com.zaxxer.hikari.HikariDataSource] [INFO ] - HikariPool-1 - Start completed.
[23/02/2023 - 12:31:41] [logSelectedDialect] [SQL dialect] [INFO ] - HHH000400: Using dialect: org.hibernate.dialect.MySQLDialect
[23/02/2023 - 12:31:42] [initiateService] [org.hibernate.engine.transaction.jta.platform.internal.JtaPlatformInitiator] [INFO ] - HHH000490: Using JtaPlatform implementation: [org.hibernate.engine.transaction.jta.platform.internal.NoJtaPlatform]
[23/02/2023 - 12:31:42] [buildNativeEntityManagerFactory] [org.springframework.orm.jpa.LocalContainerEntityManagerFactoryBean] [INFO ] - Initialized JPA EntityManagerFactory for persistence unit 'default'
[23/02/2023 - 12:31:42] [logStarted] [com.bedu.ProyectoFinalHsbcBedu.Entity.ProductoFunkoEntityTest] [INFO ] - Started ProductoFunkoEntityTest in 2.807 seconds (process running for 3.853)
[23/02/2023 - 12:31:42] [detectDefaultConfigurationClasses] [org.springframework.test.context.support.AnnotationConfigContextLoaderUtils] [INFO ] - Could not detect default configuration classes for test class [com.bedu.ProyectoFinalHsbcBedu.Entity.UsuarioEntityTest]: UsuarioEntityTest does not declare any static, non-private, non-final, nested classes annotated with @Configuration.
[23/02/2023 - 12:31:42] [getOrFindConfigurationClasses] [org.springframework.boot.test.context.SpringBootTestContextBootstrapper] [INFO ] - Found @SpringBootConfiguration com.bedu.ProyectoFinalHsbcBedu.ProyectoFinalHsbcBeduApplication for test class com.bedu.ProyectoFinalHsbcBedu.Entity.UsuarioEntityTest
[23/02/2023 - 12:31:42] [logExceptions] [org.hibernate.engine.jdbc.spi.SqlExceptionHelper] [WARN ] - SQL Error: 1048, SQLState: 23000
[23/02/2023 - 12:31:42] [logExceptions] [org.hibernate.engine.jdbc.spi.SqlExceptionHelper] [ERROR] - Column 'user_password' cannot be null
[23/02/2023 - 12:31:42] [logExceptions] [org.hibernate.engine.jdbc.spi.SqlExceptionHelper] [WARN ] - SQL Error: 1048, SQLState: 23000
[23/02/2023 - 12:31:42] [logExceptions] [org.hibernate.engine.jdbc.spi.SqlExceptionHelper] [ERROR] - Column 'name' cannot be null
[23/02/2023 - 12:31:42] [logExceptions] [org.hibernate.engine.jdbc.spi.SqlExceptionHelper] [WARN ] - SQL Error: 1048, SQLState: 23000
[23/02/2023 - 12:31:42] [logExceptions] [org.hibernate.engine.jdbc.spi.SqlExceptionHelper] [ERROR] - Column 'email' cannot be null
[23/02/2023 - 12:31:42] [detectDefaultConfigurationClasses] [org.springframework.test.context.support.AnnotationConfigContextLoaderUtils] [INFO ] - Could not detect default configuration classes for test class [com.bedu.ProyectoFinalHsbcBedu.ProyectoFinalHsbcBeduApplicationTests]: ProyectoFinalHsbcBeduApplicationTests does not declare any static, non-private, non-final, nested classes annotated with @Configuration.
[23/02/2023 - 12:31:42] [getOrFindConfigurationClasses] [org.springframework.boot.test.context.SpringBootTestContextBootstrapper] [INFO ] - Found @SpringBootConfiguration com.bedu.ProyectoFinalHsbcBedu.ProyectoFinalHsbcBeduApplication for test class com.bedu.ProyectoFinalHsbcBedu.ProyectoFinalHsbcBeduApplicationTests
[23/02/2023 - 12:31:43] [logStarting] [com.bedu.ProyectoFinalHsbcBedu.ProyectoFinalHsbcBeduApplicationTests] [INFO ] - Starting ProyectoFinalHsbcBeduApplicationTests using Java 17.0.6 with PID 17164 (started by igome in C:\Bedu-HSBC\5. Demo Day\Proyecto\Back-end)
[23/02/2023 - 12:31:43] [logStartupProfileInfo] [com.bedu.ProyectoFinalHsbcBedu.ProyectoFinalHsbcBeduApplicationTests] [INFO ] - No active profile set, falling back to 1 default profile: "default"
[23/02/2023 - 12:31:43] [registerRepositoriesIn] [org.springframework.data.repository.config.RepositoryConfigurationDelegate] [INFO ] - Bootstrapping Spring Data JPA repositories in DEFAULT mode.
[23/02/2023 - 12:31:43] [registerRepositoriesIn] [org.springframework.data.repository.config.RepositoryConfigurationDelegate] [INFO ] - Finished Spring Data repository scanning in 18 ms. Found 2 JPA repository interfaces.
[23/02/2023 - 12:31:43] [logPersistenceUnitInformation] [org.hibernate.jpa.internal.util.LogHelper] [INFO ] - HHH000204: Processing PersistenceUnitInfo [name: default]
[23/02/2023 - 12:31:43] [lambda$new$1] [org.hibernate.orm.deprecation] [WARN ] - HHH90000021: Encountered deprecated setting [javax.persistence.sharedCache.mode], use [jakarta.persistence.sharedCache.mode] instead
[23/02/2023 - 12:31:43] [getConnection] [com.zaxxer.hikari.HikariDataSource] [INFO ] - HikariPool-2 - Starting...
[23/02/2023 - 12:31:43] [checkFailFast] [com.zaxxer.hikari.pool.HikariPool] [INFO ] - HikariPool-2 - Added connection com.mysql.cj.jdbc.ConnectionImpl@a3e458
[23/02/2023 - 12:31:43] [getConnection] [com.zaxxer.hikari.HikariDataSource] [INFO ] - HikariPool-2 - Start completed.
[23/02/2023 - 12:31:43] [logSelectedDialect] [SQL dialect] [INFO ] - HHH000400: Using dialect: org.hibernate.dialect.MySQLDialect
[23/02/2023 - 12:31:43] [initiateService] [org.hibernate.engine.transaction.jta.platform.internal.JtaPlatformInitiator] [INFO ] - HHH000490: Using JtaPlatform implementation: [org.hibernate.engine.transaction.jta.platform.internal.NoJtaPlatform]
[23/02/2023 - 12:31:43] [buildNativeEntityManagerFactory] [org.springframework.orm.jpa.LocalContainerEntityManagerFactoryBean] [INFO ] - Initialized JPA EntityManagerFactory for persistence unit 'default'
[23/02/2023 - 12:31:43] [openEntityManagerInViewInterceptor] [org.springframework.boot.autoconfigure.orm.jpa.JpaBaseConfiguration$JpaWebConfiguration] [WARN ] - spring.jpa.open-in-view is enabled by default. Therefore, database queries may be performed during view rendering. Explicitly configure spring.jpa.open-in-view to disable this warning
[23/02/2023 - 12:31:44] [<init>] [org.springframework.security.web.DefaultSecurityFilterChain] [INFO ] - Will secure any request with [org.springframework.security.web.session.DisableEncodeUrlFilter@7f680a9a, org.springframework.security.web.context.request.async.WebAsyncManagerIntegrationFilter@3a33d655, org.springframework.security.web.context.SecurityContextHolderFilter@4f5d587c, org.springframework.security.web.header.HeaderWriterFilter@4f8488ef, org.springframework.web.filter.CorsFilter@526a1b51, org.springframework.security.web.authentication.logout.LogoutFilter@183e8c8a, com.bedu.ProyectoFinalHsbcBedu.Security.JwtAuthFilter@3ddc5a75, com.bedu.ProyectoFinalHsbcBedu.Security.JwtToHeaderFilter@4f45290f, org.springframework.security.web.savedrequest.RequestCacheAwareFilter@413a2520, org.springframework.security.web.servletapi.SecurityContextHolderAwareRequestFilter@4d2bcca8, org.springframework.security.web.authentication.AnonymousAuthenticationFilter@70c6c6a7, org.springframework.security.web.session.SessionManagementFilter@56114349, org.springframework.security.web.access.ExceptionTranslationFilter@3b09582d, org.springframework.security.web.access.intercept.AuthorizationFilter@4c3125ff]
[23/02/2023 - 12:31:44] [logStarted] [com.bedu.ProyectoFinalHsbcBedu.ProyectoFinalHsbcBeduApplicationTests] [INFO ] - Started ProyectoFinalHsbcBeduApplicationTests in 1.402 seconds (process running for 5.56)
[23/02/2023 - 12:31:44] [run] [com.bedu.ProyectoFinalHsbcBedu.Config.FunkosSeeder] [INFO ] - Insertando valores iniciales...
[23/02/2023 - 12:31:44] [run] [com.bedu.ProyectoFinalHsbcBedu.Config.FunkosSeeder] [INFO ] - Productos agregados exitosamente.
[23/02/2023 - 12:31:44] [detectDefaultConfigurationClasses] [org.springframework.test.context.support.AnnotationConfigContextLoaderUtils] [INFO ] - Could not detect default configuration classes for test class [com.bedu.ProyectoFinalHsbcBedu.Repository.IProductoFunkoRepositoryTest]: IProductoFunkoRepositoryTest does not declare any static, non-private, non-final, nested classes annotated with @Configuration.
[23/02/2023 - 12:31:44] [getOrFindConfigurationClasses] [org.springframework.boot.test.context.SpringBootTestContextBootstrapper] [INFO ] - Found @SpringBootConfiguration com.bedu.ProyectoFinalHsbcBedu.ProyectoFinalHsbcBeduApplication for test class com.bedu.ProyectoFinalHsbcBedu.Repository.IProductoFunkoRepositoryTest
[23/02/2023 - 12:31:44] [detectDefaultConfigurationClasses] [org.springframework.test.context.support.AnnotationConfigContextLoaderUtils] [INFO ] - Could not detect default configuration classes for test class [com.bedu.ProyectoFinalHsbcBedu.Repository.IUsuarioRepositoryTest]: IUsuarioRepositoryTest does not declare any static, non-private, non-final, nested classes annotated with @Configuration.
[23/02/2023 - 12:31:44] [getOrFindConfigurationClasses] [org.springframework.boot.test.context.SpringBootTestContextBootstrapper] [INFO ] - Found @SpringBootConfiguration com.bedu.ProyectoFinalHsbcBedu.ProyectoFinalHsbcBeduApplication for test class com.bedu.ProyectoFinalHsbcBedu.Repository.IUsuarioRepositoryTest
[23/02/2023 - 12:31:44] [logExceptions] [org.hibernate.engine.jdbc.spi.SqlExceptionHelper] [WARN ] - SQL Error: 1048, SQLState: 23000
[23/02/2023 - 12:31:44] [logExceptions] [org.hibernate.engine.jdbc.spi.SqlExceptionHelper] [ERROR] - Column 'user_password' cannot be null
[23/02/2023 - 12:31:44] [logExceptions] [org.hibernate.engine.jdbc.spi.SqlExceptionHelper] [WARN ] - SQL Error: 1048, SQLState: 23000
[23/02/2023 - 12:31:44] [logExceptions] [org.hibernate.engine.jdbc.spi.SqlExceptionHelper] [ERROR] - Column 'name' cannot be null
[23/02/2023 - 12:31:44] [logExceptions] [org.hibernate.engine.jdbc.spi.SqlExceptionHelper] [WARN ] - SQL Error: 1048, SQLState: 23000
[23/02/2023 - 12:31:44] [logExceptions] [org.hibernate.engine.jdbc.spi.SqlExceptionHelper] [ERROR] - Column 'email' cannot be null
[23/02/2023 - 12:31:44] [destroy] [org.springframework.orm.jpa.LocalContainerEntityManagerFactoryBean] [INFO ] - Closing JPA EntityManagerFactory for persistence unit 'default'
[23/02/2023 - 12:31:44] [close] [com.zaxxer.hikari.HikariDataSource] [INFO ] - HikariPool-1 - Shutdown initiated...
[23/02/2023 - 12:31:44] [close] [com.zaxxer.hikari.HikariDataSource] [INFO ] - HikariPool-1 - Shutdown completed.
[23/02/2023 - 12:31:44] [destroy] [org.springframework.orm.jpa.LocalContainerEntityManagerFactoryBean] [INFO ] - Closing JPA EntityManagerFactory for persistence unit 'default'
[23/02/2023 - 12:31:44] [close] [com.zaxxer.hikari.HikariDataSource] [INFO ] - HikariPool-2 - Shutdown initiated...
[23/02/2023 - 12:31:44] [close] [com.zaxxer.hikari.HikariDataSource] [INFO ] - HikariPool-2 - Shutdown completed.
[23/02/2023 - 12:32:25] [logStarting] [com.bedu.ProyectoFinalHsbcBedu.Entity.ProductoFunkoEntityTest] [INFO ] - Starting ProductoFunkoEntityTest using Java 17.0.6 with PID 29684 (started by igome in C:\Bedu-HSBC\5. Demo Day\Proyecto\Back-end)
[23/02/2023 - 12:32:25] [logStartupProfileInfo] [com.bedu.ProyectoFinalHsbcBedu.Entity.ProductoFunkoEntityTest] [INFO ] - No active profile set, falling back to 1 default profile: "default"
[23/02/2023 - 12:32:25] [registerRepositoriesIn] [org.springframework.data.repository.config.RepositoryConfigurationDelegate] [INFO ] - Bootstrapping Spring Data JPA repositories in DEFAULT mode.
[23/02/2023 - 12:32:25] [registerRepositoriesIn] [org.springframework.data.repository.config.RepositoryConfigurationDelegate] [INFO ] - Finished Spring Data repository scanning in 57 ms. Found 2 JPA repository interfaces.
[23/02/2023 - 12:32:26] [logPersistenceUnitInformation] [org.hibernate.jpa.internal.util.LogHelper] [INFO ] - HHH000204: Processing PersistenceUnitInfo [name: default]
[23/02/2023 - 12:32:26] [logVersion] [org.hibernate.Version] [INFO ] - HHH000412: Hibernate ORM core version 6.1.6.Final
[23/02/2023 - 12:32:26] [lambda$new$1] [org.hibernate.orm.deprecation] [WARN ] - HHH90000021: Encountered deprecated setting [javax.persistence.sharedCache.mode], use [jakarta.persistence.sharedCache.mode] instead
[23/02/2023 - 12:32:26] [getConnection] [com.zaxxer.hikari.HikariDataSource] [INFO ] - HikariPool-1 - Starting...
[23/02/2023 - 12:32:26] [checkFailFast] [com.zaxxer.hikari.pool.HikariPool] [INFO ] - HikariPool-1 - Added connection com.mysql.cj.jdbc.ConnectionImpl@5bec3e0
[23/02/2023 - 12:32:26] [getConnection] [com.zaxxer.hikari.HikariDataSource] [INFO ] - HikariPool-1 - Start completed.
[23/02/2023 - 12:32:26] [logSelectedDialect] [SQL dialect] [INFO ] - HHH000400: Using dialect: org.hibernate.dialect.MySQLDialect
[23/02/2023 - 12:32:27] [initiateService] [org.hibernate.engine.transaction.jta.platform.internal.JtaPlatformInitiator] [INFO ] - HHH000490: Using JtaPlatform implementation: [org.hibernate.engine.transaction.jta.platform.internal.NoJtaPlatform]
[23/02/2023 - 12:32:27] [buildNativeEntityManagerFactory] [org.springframework.orm.jpa.LocalContainerEntityManagerFactoryBean] [INFO ] - Initialized JPA EntityManagerFactory for persistence unit 'default'
[23/02/2023 - 12:32:28] [logStarted] [com.bedu.ProyectoFinalHsbcBedu.Entity.ProductoFunkoEntityTest] [INFO ] - Started ProductoFunkoEntityTest in 2.856 seconds (process running for 3.725)
[23/02/2023 - 12:32:28] [detectDefaultConfigurationClasses] [org.springframework.test.context.support.AnnotationConfigContextLoaderUtils] [INFO ] - Could not detect default configuration classes for test class [com.bedu.ProyectoFinalHsbcBedu.Entity.UsuarioEntityTest]: UsuarioEntityTest does not declare any static, non-private, non-final, nested classes annotated with @Configuration.
[23/02/2023 - 12:32:28] [getOrFindConfigurationClasses] [org.springframework.boot.test.context.SpringBootTestContextBootstrapper] [INFO ] - Found @SpringBootConfiguration com.bedu.ProyectoFinalHsbcBedu.ProyectoFinalHsbcBeduApplication for test class com.bedu.ProyectoFinalHsbcBedu.Entity.UsuarioEntityTest
[23/02/2023 - 12:32:28] [logExceptions] [org.hibernate.engine.jdbc.spi.SqlExceptionHelper] [WARN ] - SQL Error: 1048, SQLState: 23000
[23/02/2023 - 12:32:28] [logExceptions] [org.hibernate.engine.jdbc.spi.SqlExceptionHelper] [ERROR] - Column 'user_password' cannot be null
[23/02/2023 - 12:32:28] [logExceptions] [org.hibernate.engine.jdbc.spi.SqlExceptionHelper] [WARN ] - SQL Error: 1048, SQLState: 23000
[23/02/2023 - 12:32:28] [logExceptions] [org.hibernate.engine.jdbc.spi.SqlExceptionHelper] [ERROR] - Column 'name' cannot be null
[23/02/2023 - 12:32:28] [logExceptions] [org.hibernate.engine.jdbc.spi.SqlExceptionHelper] [WARN ] - SQL Error: 1048, SQLState: 23000
[23/02/2023 - 12:32:28] [logExceptions] [org.hibernate.engine.jdbc.spi.SqlExceptionHelper] [ERROR] - Column 'email' cannot be null
[23/02/2023 - 12:32:28] [detectDefaultConfigurationClasses] [org.springframework.test.context.support.AnnotationConfigContextLoaderUtils] [INFO ] - Could not detect default configuration classes for test class [com.bedu.ProyectoFinalHsbcBedu.ProyectoFinalHsbcBeduApplicationTests]: ProyectoFinalHsbcBeduApplicationTests does not declare any static, non-private, non-final, nested classes annotated with @Configuration.
[23/02/2023 - 12:32:28] [getOrFindConfigurationClasses] [org.springframework.boot.test.context.SpringBootTestContextBootstrapper] [INFO ] - Found @SpringBootConfiguration com.bedu.ProyectoFinalHsbcBedu.ProyectoFinalHsbcBeduApplication for test class com.bedu.ProyectoFinalHsbcBedu.ProyectoFinalHsbcBeduApplicationTests
[23/02/2023 - 12:32:28] [logStarting] [com.bedu.ProyectoFinalHsbcBedu.ProyectoFinalHsbcBeduApplicationTests] [INFO ] - Starting ProyectoFinalHsbcBeduApplicationTests using Java 17.0.6 with PID 29684 (started by igome in C:\Bedu-HSBC\5. Demo Day\Proyecto\Back-end)
[23/02/2023 - 12:32:28] [logStartupProfileInfo] [com.bedu.ProyectoFinalHsbcBedu.ProyectoFinalHsbcBeduApplicationTests] [INFO ] - No active profile set, falling back to 1 default profile: "default"
[23/02/2023 - 12:32:28] [registerRepositoriesIn] [org.springframework.data.repository.config.RepositoryConfigurationDelegate] [INFO ] - Bootstrapping Spring Data JPA repositories in DEFAULT mode.
[23/02/2023 - 12:32:28] [registerRepositoriesIn] [org.springframework.data.repository.config.RepositoryConfigurationDelegate] [INFO ] - Finished Spring Data repository scanning in 21 ms. Found 2 JPA repository interfaces.
[23/02/2023 - 12:32:28] [logPersistenceUnitInformation] [org.hibernate.jpa.internal.util.LogHelper] [INFO ] - HHH000204: Processing PersistenceUnitInfo [name: default]
[23/02/2023 - 12:32:28] [lambda$new$1] [org.hibernate.orm.deprecation] [WARN ] - HHH90000021: Encountered deprecated setting [javax.persistence.sharedCache.mode], use [jakarta.persistence.sharedCache.mode] instead
[23/02/2023 - 12:32:28] [getConnection] [com.zaxxer.hikari.HikariDataSource] [INFO ] - HikariPool-2 - Starting...
[23/02/2023 - 12:32:28] [checkFailFast] [com.zaxxer.hikari.pool.HikariPool] [INFO ] - HikariPool-2 - Added connection com.mysql.cj.jdbc.ConnectionImpl@f5a680
[23/02/2023 - 12:32:28] [getConnection] [com.zaxxer.hikari.HikariDataSource] [INFO ] - HikariPool-2 - Start completed.
[23/02/2023 - 12:32:28] [logSelectedDialect] [SQL dialect] [INFO ] - HHH000400: Using dialect: org.hibernate.dialect.MySQLDialect
[23/02/2023 - 12:32:29] [initiateService] [org.hibernate.engine.transaction.jta.platform.internal.JtaPlatformInitiator] [INFO ] - HHH000490: Using JtaPlatform implementation: [org.hibernate.engine.transaction.jta.platform.internal.NoJtaPlatform]
[23/02/2023 - 12:32:29] [buildNativeEntityManagerFactory] [org.springframework.orm.jpa.LocalContainerEntityManagerFactoryBean] [INFO ] - Initialized JPA EntityManagerFactory for persistence unit 'default'
[23/02/2023 - 12:32:29] [openEntityManagerInViewInterceptor] [org.springframework.boot.autoconfigure.orm.jpa.JpaBaseConfiguration$JpaWebConfiguration] [WARN ] - spring.jpa.open-in-view is enabled by default. Therefore, database queries may be performed during view rendering. Explicitly configure spring.jpa.open-in-view to disable this warning
[23/02/2023 - 12:32:29] [<init>] [org.springframework.security.web.DefaultSecurityFilterChain] [INFO ] - Will secure any request with [org.springframework.security.web.session.DisableEncodeUrlFilter@57e83608, org.springframework.security.web.context.request.async.WebAsyncManagerIntegrationFilter@57d8d8e2, org.springframework.security.web.context.SecurityContextHolderFilter@5c2f5dc, org.springframework.security.web.header.HeaderWriterFilter@5702e6f3, org.springframework.web.filter.CorsFilter@2f726cf4, org.springframework.security.web.authentication.logout.LogoutFilter@1df8ea34, com.bedu.ProyectoFinalHsbcBedu.Security.JwtAuthFilter@359fd0a2, com.bedu.ProyectoFinalHsbcBedu.Security.JwtToHeaderFilter@514eefc4, org.springframework.security.web.savedrequest.RequestCacheAwareFilter@7a925ac4, org.springframework.security.web.servletapi.SecurityContextHolderAwareRequestFilter@27a8bfa1, org.springframework.security.web.authentication.AnonymousAuthenticationFilter@4700db93, org.springframework.security.web.session.SessionManagementFilter@2eef43f5, org.springframework.security.web.access.ExceptionTranslationFilter@539570b8, org.springframework.security.web.access.intercept.AuthorizationFilter@12d24c43]
[23/02/2023 - 12:32:29] [logStarted] [com.bedu.ProyectoFinalHsbcBedu.ProyectoFinalHsbcBeduApplicationTests] [INFO ] - Started ProyectoFinalHsbcBeduApplicationTests in 1.499 seconds (process running for 5.557)
[23/02/2023 - 12:32:29] [run] [com.bedu.ProyectoFinalHsbcBedu.Config.FunkosSeeder] [INFO ] - Insertando valores iniciales...
[23/02/2023 - 12:32:30] [run] [com.bedu.ProyectoFinalHsbcBedu.Config.FunkosSeeder] [WARN ] - Los productos ya se encuentran agregados a la BD.
[23/02/2023 - 12:32:30] [detectDefaultConfigurationClasses] [org.springframework.test.context.support.AnnotationConfigContextLoaderUtils] [INFO ] - Could not detect default configuration classes for test class [com.bedu.ProyectoFinalHsbcBedu.Repository.IProductoFunkoRepositoryTest]: IProductoFunkoRepositoryTest does not declare any static, non-private, non-final, nested classes annotated with @Configuration.
[23/02/2023 - 12:32:30] [getOrFindConfigurationClasses] [org.springframework.boot.test.context.SpringBootTestContextBootstrapper] [INFO ] - Found @SpringBootConfiguration com.bedu.ProyectoFinalHsbcBedu.ProyectoFinalHsbcBeduApplication for test class com.bedu.ProyectoFinalHsbcBedu.Repository.IProductoFunkoRepositoryTest
[23/02/2023 - 12:32:30] [detectDefaultConfigurationClasses] [org.springframework.test.context.support.AnnotationConfigContextLoaderUtils] [INFO ] - Could not detect default configuration classes for test class [com.bedu.ProyectoFinalHsbcBedu.Repository.IUsuarioRepositoryTest]: IUsuarioRepositoryTest does not declare any static, non-private, non-final, nested classes annotated with @Configuration.
[23/02/2023 - 12:32:30] [getOrFindConfigurationClasses] [org.springframework.boot.test.context.SpringBootTestContextBootstrapper] [INFO ] - Found @SpringBootConfiguration com.bedu.ProyectoFinalHsbcBedu.ProyectoFinalHsbcBeduApplication for test class com.bedu.ProyectoFinalHsbcBedu.Repository.IUsuarioRepositoryTest
[23/02/2023 - 12:32:30] [logExceptions] [org.hibernate.engine.jdbc.spi.SqlExceptionHelper] [WARN ] - SQL Error: 1048, SQLState: 23000
[23/02/2023 - 12:32:30] [logExceptions] [org.hibernate.engine.jdbc.spi.SqlExceptionHelper] [ERROR] - Column 'user_password' cannot be null
[23/02/2023 - 12:32:30] [logExceptions] [org.hibernate.engine.jdbc.spi.SqlExceptionHelper] [WARN ] - SQL Error: 1048, SQLState: 23000
[23/02/2023 - 12:32:30] [logExceptions] [org.hibernate.engine.jdbc.spi.SqlExceptionHelper] [ERROR] - Column 'name' cannot be null
[23/02/2023 - 12:32:30] [logExceptions] [org.hibernate.engine.jdbc.spi.SqlExceptionHelper] [WARN ] - SQL Error: 1048, SQLState: 23000
[23/02/2023 - 12:32:30] [logExceptions] [org.hibernate.engine.jdbc.spi.SqlExceptionHelper] [ERROR] - Column 'email' cannot be null
[23/02/2023 - 12:32:30] [destroy] [org.springframework.orm.jpa.LocalContainerEntityManagerFactoryBean] [INFO ] - Closing JPA EntityManagerFactory for persistence unit 'default'
[23/02/2023 - 12:32:30] [close] [com.zaxxer.hikari.HikariDataSource] [INFO ] - HikariPool-1 - Shutdown initiated...
[23/02/2023 - 12:32:30] [close] [com.zaxxer.hikari.HikariDataSource] [INFO ] - HikariPool-1 - Shutdown completed.
[23/02/2023 - 12:32:30] [destroy] [org.springframework.orm.jpa.LocalContainerEntityManagerFactoryBean] [INFO ] - Closing JPA EntityManagerFactory for persistence unit 'default'
[23/02/2023 - 12:32:30] [close] [com.zaxxer.hikari.HikariDataSource] [INFO ] - HikariPool-2 - Shutdown initiated...
[23/02/2023 - 12:32:30] [close] [com.zaxxer.hikari.HikariDataSource] [INFO ] - HikariPool-2 - Shutdown completed.
[23/02/2023 - 12:32:43] [destroy] [org.springframework.orm.jpa.LocalContainerEntityManagerFactoryBean] [INFO ] - Closing JPA EntityManagerFactory for persistence unit 'default'
[23/02/2023 - 12:32:43] [close] [com.zaxxer.hikari.HikariDataSource] [INFO ] - HikariPool-3 - Shutdown initiated...
[23/02/2023 - 12:32:43] [close] [com.zaxxer.hikari.HikariDataSource] [INFO ] - HikariPool-3 - Shutdown completed.
